<?xml version="1.0" encoding="UTF-8"?>
<!-- Generated by org.testng.reporters.JUnitReportReporter -->
<testsuite hostname="CDACLAB-148" failures="0" tests="5" name="com.testing.Priority" time="0.004" errors="0" timestamp="2025-11-13T17:22:57 IST" skipped="1">
  <testcase classname="com.testing.Priority" name="ABC" time="0.001"/>
  <testcase classname="com.testing.Priority" name="Register" time="0.001"/>
  <testcase classname="com.testing.Priority" name="Login" time="0.001"/>
  <testcase classname="com.testing.Priority" name="Home" time="0.000"/>
  <testcase classname="com.testing.Priority" name="logOut" time="0.001">
    <skipped/>
  </testcase> <!-- logOut -->
</testsuite> <!-- com.testing.Priority -->
